Picked up JAVA_TOOL_OPTIONS: -Dstdout.encoding=UTF-8 -Dstderr.encoding=UTF-8
[INFO] Scanning for projects...
[INFO] 
[INFO] ----------------------------< com.pfe:pfe >-----------------------------
[INFO] Building pfe 0.0.1-SNAPSHOT
[INFO]   from pom.xml
[INFO] --------------------------------[ jar ]---------------------------------
[INFO] 
[INFO] --- clean:3.4.1:clean (default-clean) @ pfe ---
[INFO] Deleting d:\Project PFE\backend\target
[INFO] 
[INFO] --- resources:3.3.1:resources (default-resources) @ pfe ---
[INFO] Copying 1 resource from src\main\resources to target\classes
[INFO] Copying 0 resource from src\main\resources to target\classes
[INFO] 
[INFO] --- compiler:3.14.0:compile (default-compile) @ pfe ---
[INFO] Recompiling the module because of changed source code.
[INFO] Compiling 189 source files with javac [debug parameters release 17] to target\classes
[INFO] /d:/Project PFE/backend/src/main/java/com/pfe/pfe/security/config/SecurityConfig.java: Some input files use or override a deprecated API.
[INFO] /d:/Project PFE/backend/src/main/java/com/pfe/pfe/security/config/SecurityConfig.java: Recompile with -Xlint:deprecation for details.
[INFO] 
[INFO] --- resources:3.3.1:testResources (default-testResources) @ pfe ---
[INFO] skip non existing resourceDirectory d:\Project PFE\backend\src\test\resources
[INFO] 
[INFO] --- compiler:3.14.0:testCompile (default-testCompile) @ pfe ---
[INFO] Recompiling the module because of changed dependency.
[INFO] Compiling 1 source file with javac [debug parameters release 17] to target\test-classes
Terminer le programme de commandes (O/N) ? Terminer le programme de commandes (O/N) ? Terminer le programme de commandes (O/N) ? Terminer le programme de commandes (O/N) ? Terminer le programme de commandes (O/N) ? Terminer le programme de commandes (O/N) ? Terminer le programme de commandes (O/N) ? Terminer le programme de commandes (O/N) ? Terminer le programme de commandes (O/N) ? ^C
